TN:
SF:Controllers\membershipController.js
FN:2,_regeneratorRuntime
FN:2,_regeneratorRuntime
FN:2,defineProperty
FN:2,define
FN:2,define
FN:2,wrap
FN:2,tryCatch
FN:2,Generator
FN:2,GeneratorFunction
FN:2,GeneratorFunctionPrototype
FN:2,defineIteratorMethods
FN:2,AsyncIterator
FN:2,makeInvokeMethod
FN:2,maybeInvokeDelegate
FN:2,pushTryEntry
FN:2,resetTryEntry
FN:2,Context
FN:2,values
FN:2,next
FN:2,exports.isGeneratorFunction
FN:2,exports.mark
FN:2,exports.awrap
FN:2,exports.async
FN:2,exports.keys
FN:2,reset
FN:2,stop
FN:2,dispatchException
FN:2,abrupt
FN:2,complete
FN:2,finish
FN:2,_catch
FN:2,delegateYield
FN:2,asyncGeneratorStep
FN:2,_asyncToGenerator
FN:2,_next
FN:2,_throw
FN:11,_callee
FN:11,_callee$
FNF:38
FNH:21
FNDA:1,_regeneratorRuntime
FNDA:1,_regeneratorRuntime
FNDA:0,defineProperty
FNDA:13,define
FNDA:0,define
FNDA:1,wrap
FNDA:2,tryCatch
FNDA:0,Generator
FNDA:0,GeneratorFunction
FNDA:0,GeneratorFunctionPrototype
FNDA:2,defineIteratorMethods
FNDA:0,AsyncIterator
FNDA:1,makeInvokeMethod
FNDA:0,maybeInvokeDelegate
FNDA:1,pushTryEntry
FNDA:2,resetTryEntry
FNDA:1,Context
FNDA:1,values
FNDA:0,next
FNDA:0,exports.isGeneratorFunction
FNDA:1,exports.mark
FNDA:0,exports.awrap
FNDA:0,exports.async
FNDA:0,exports.keys
FNDA:1,reset
FNDA:1,stop
FNDA:0,dispatchException
FNDA:2,abrupt
FNDA:2,complete
FNDA:0,finish
FNDA:0,_catch
FNDA:0,delegateYield
FNDA:1,asyncGeneratorStep
FNDA:1,_asyncToGenerator
FNDA:1,_next
FNDA:0,_throw
FNDA:1,_callee
FNDA:2,_callee$
DA:1,1
DA:2,1
DA:3,1
DA:4,1
DA:5,1
DA:6,1
DA:7,1
DA:8,1
DA:9,1
DA:10,1
DA:11,1
DA:12,1
DA:13,1
DA:14,1
DA:15,1
DA:16,1
DA:17,1
DA:18,0
DA:19,0
DA:20,0
DA:21,0
DA:22,0
DA:23,0
DA:24,0
DA:25,0
DA:26,0
DA:27,0
DA:28,0
DA:29,0
DA:30,0
DA:31,0
DA:32,0
DA:33,0
DA:34,0
DA:35,0
DA:36,0
DA:37,0
DA:38,0
DA:39,0
DA:40,0
DA:41,0
DA:42,1
DA:43,1
DA:44,1
DA:45,1
DA:46,1
DA:47,1
DA:48,1
DA:49,1
DA:50,1
LF:50
LH:26
BRDA:2,0,0,1
BRDA:2,1,0,0
BRDA:2,2,0,0
BRDA:2,3,0,0
BRDA:2,4,0,0
BRDA:2,5,0,0
BRDA:2,6,0,0
BRDA:2,7,0,1
BRDA:2,8,0,13
BRDA:2,9,0,1
BRDA:2,10,0,0
BRDA:2,11,0,0
BRDA:2,12,0,2
BRDA:2,13,0,0
BRDA:2,14,0,2
BRDA:2,15,0,6
BRDA:2,16,0,1
BRDA:2,17,0,1
BRDA:2,18,0,1
BRDA:2,19,0,0
BRDA:2,20,0,0
BRDA:2,21,0,2
BRDA:2,22,0,0
BRDA:2,23,0,1
BRDA:2,24,0,0
BRDA:2,25,0,1
BRDA:2,26,0,1
BRDA:2,27,0,1
BRDA:2,28,0,0
BRDA:2,29,0,1
BRDA:2,30,0,0
BRDA:2,31,0,2
BRDA:2,32,0,1
BRDA:2,33,0,1
BRDA:2,34,0,0
BRDA:2,35,0,0
BRDA:2,36,0,0
BRDA:2,37,0,1
BRDA:2,38,0,0
BRDA:2,39,0,1
BRDA:2,40,0,0
BRDA:2,41,0,1
BRDA:2,42,0,0
BRDA:2,43,0,2
BRDA:2,44,0,4
BRDA:2,45,0,2
BRDA:2,46,0,0
BRDA:2,47,0,0
BRDA:2,48,0,0
BRDA:2,49,0,0
BRDA:2,50,0,0
BRDA:2,51,0,0
BRDA:2,52,0,0
BRDA:2,53,0,0
BRDA:2,54,0,2
BRDA:2,55,0,0
BRDA:2,56,0,0
BRDA:2,57,0,0
BRDA:2,58,0,1
BRDA:2,59,0,0
BRDA:2,60,0,0
BRDA:2,61,0,1
BRDA:2,62,0,1
BRDA:2,63,0,1
BRDA:2,64,0,1
BRDA:11,65,0,1
BRDA:11,66,0,1
BRDA:11,67,0,2
BRDA:11,68,0,1
BRDA:16,69,0,0
BRDA:18,70,0,0
BRDA:21,71,0,0
BRDA:30,72,0,0
BRDA:35,73,0,0
BRDA:38,74,0,0
BRF:75
BRH:35
end_of_record
